<?xml version="1.0" encoding="UTF-8"?>
<!-- Generated by org.testng.reporters.JUnitReportReporter -->
<testsuite hostname="PG014UCR" name="com.cucumber.framework.runner.cardekhoNewCar.CDNewCarVerificationRunner" tests="1" failures="0" timestamp="11 May 2018 14:18:38 GMT" time="0.349" errors="0">
  <testcase name="runCukes" time="0.349" classname="com.cucumber.framework.runner.cardekhoNewCar.CDNewCarVerificationRunner"/>
</testsuite> <!-- com.cucumber.framework.runner.cardekhoNewCar.CDNewCarVerificationRunner -->
