<?xml version="1.0" encoding="UTF-8"?>
<!-- Generated by org.testng.reporters.JUnitReportReporter -->
<testsuite hostname="PG014UCR" name="com.CDAppium.org.AndroidBasicWebTest" tests="1" failures="0" timestamp="11 May 2018 06:17:02 GMT" time="48.651" errors="0">
  <testcase name="test1" time="48.651" classname="com.CDAppium.org.AndroidBasicWebTest"/>
</testsuite> <!-- com.CDAppium.org.AndroidBasicWebTest -->
