<?xml version="1.0" encoding="UTF-8"?>
<!-- Generated by org.testng.reporters.JUnitReportReporter -->
<testsuite hostname="PG014UCR" name="runner.com.adidasHomePage.Runner_HomePageVerification" tests="1" failures="0" timestamp="8 Jun 2018 12:58:16 GMT" time="37.920" errors="0">
  <testcase name="runCukes" time="37.920" classname="runner.com.adidasHomePage.Runner_HomePageVerification"/>
</testsuite> <!-- runner.com.adidasHomePage.Runner_HomePageVerification -->
