<?xml version="1.0" encoding="UTF-8"?>
<!-- Generated by org.testng.reporters.JUnitReportReporter -->
<testsuite hostname="PG014UCR" name="runner.com.MYMenProductPage.Runner_MenProductVerification" tests="1" failures="0" timestamp="13 Jun 2018 07:01:05 GMT" time="33.259" errors="0">
  <testcase name="runCukes" time="33.259" classname="runner.com.MYMenProductPage.Runner_MenProductVerification"/>
</testsuite> <!-- runner.com.MYMenProductPage.Runner_MenProductVerification -->
