<?xml version="1.0" encoding="UTF-8"?>
<!-- Generated by org.testng.reporters.JUnitReportReporter -->
<testsuite hostname="PG014UCR" name="runner.com.MYHomePage.Runner_HomePageVerification" tests="1" failures="0" timestamp="12 Jun 2018 13:44:24 GMT" time="0.417" errors="0">
  <testcase name="runCukes" time="0.417" classname="runner.com.MYHomePage.Runner_HomePageVerification"/>
</testsuite> <!-- runner.com.MYHomePage.Runner_HomePageVerification -->
