<?xml version="1.0" encoding="UTF-8"?>
<!-- Generated by org.testng.reporters.JUnitReportReporter -->
<testsuite hostname="PG014UCR" name="runner.com.MYHomePage.Runner_HomePageVerification" tests="1" failures="0" timestamp="20 Jun 2018 05:39:25 GMT" time="0.701" errors="0">
  <testcase name="runCukes" time="0.701" classname="runner.com.MYHomePage.Runner_HomePageVerification"/>
</testsuite> <!-- runner.com.MYHomePage.Runner_HomePageVerification -->
